<?xml version="1.0" encoding="UTF-8"?>
<!-- Generated by org.testng.reporters.JUnitReportReporter -->
<testsuite hostname="LAPTOP-110G46O4" failures="0" tests="2" name="com.store.qa.testcases.RegisterTest" time="43.837" errors="0" timestamp="2021-03-30T15:04:59 AEDT" skipped="0">
  <testcase classname="com.store.qa.testcases.RegisterTest" name="NEWRegister" time="22.647"/>
  <system-out/>
  <testcase classname="com.store.qa.testcases.RegisterTest" name="NEWRegister" time="21.190"/>
  <system-out/>
</testsuite> <!-- com.store.qa.testcases.RegisterTest -->
