<?xml version="1.0" encoding="UTF-8"?>
<!-- Generated by org.testng.reporters.JUnitReportReporter -->
<testsuite hostname="LAPTOP-110G46O4" failures="0" tests="2" name="com.store.qa.testcases.LoginTest" time="8.496" errors="0" timestamp="2021-03-31T14:41:20 AEDT" skipped="0">
  <testcase classname="com.store.qa.testcases.LoginTest" name="checkTitle" time="3.697"/>
  <system-out/>
  <testcase classname="com.store.qa.testcases.LoginTest" name="login_account" time="4.799"/>
  <system-out/>
</testsuite> <!-- com.store.qa.testcases.LoginTest -->
